<?xml version="1.0" encoding="UTF-8"?>
<!-- Generated by org.testng.reporters.JUnitReportReporter -->
<testsuite skipped="0" hostname="DESKTOP-QTMMO97" name="com.Testcasesphp.TestLocation" tests="1" failures="0" timestamp="2020-04-27T17:13:15 IST" time="2.240" errors="0">
  <testcase name="Location" time="2.240" classname="com.Testcasesphp.TestLocation"/>
  <system-out/>
</testsuite> <!-- com.Testcasesphp.TestLocation -->
