<?xml version="1.0" encoding="UTF-8"?>
<!-- Generated by org.testng.reporters.JUnitReportReporter -->
<testsuite skipped="0" hostname="DESKTOP-5JN4O9R" name="com.Baseclass.Library$wrapper_class" tests="1" failures="0" timestamp="2020-05-18T09:48:53 IST" time="15.328" errors="0">
  <testcase name="Select_Browser_and_launch" time="15.328" classname="com.Baseclass.Library$wrapper_class"/>
  <system-out/>
</testsuite> <!-- com.Baseclass.Library$wrapper_class -->
