<?xml version="1.0" encoding="UTF-8"?>
<!-- Generated by org.testng.reporters.JUnitReportReporter -->
<testsuite skipped="0" hostname="DESKTOP-5JN4O9R" name="com.testcases.Testphp" tests="2" failures="0" timestamp="2020-05-18T12:35:03 IST" time="38.091" errors="0">
  <testcase name="present" time="17.997" classname="com.testcases.Testphp"/>
  <system-out/>
  <testcase name="links" time="20.094" classname="com.testcases.Testphp"/>
  <system-out/>
</testsuite> <!-- com.testcases.Testphp -->
