<?xml version="1.0" encoding="UTF-8"?>
<!-- Generated by org.testng.reporters.JUnitReportReporter -->
<testsuite skipped="0" hostname="DESKTOP-QTMMO97" name="com.testcases1.TestTuxedo" tests="1" failures="0" timestamp="2020-05-07T12:28:40 IST" time="88.426" errors="0">
  <testcase name="login" time="88.426" classname="com.testcases1.TestTuxedo"/>
  <system-out/>
</testsuite> <!-- com.testcases1.TestTuxedo -->
